LOADING MODULES...

SETTING THREADS AFFINITY POLICY...

COMPILING EXECUTABLES...

make: 'main.x' is up to date.

-------------------------------------------------------------
-------------------------------------------------------------

PERFORMING MEASURES...

rm -rf *.o *.x
rm -rf obj/*.o
mpicc -fopenmp -O3 -march=native -g -c main.c
mpicc -fopenmp -O3 -march=native -g -c src/init.c -o obj/init.o
mpicc -fopenmp -O3 -march=native -g -c src/ordered.c -o obj/ordered.o
mpicc -fopenmp -O3 -march=native -g -c src/read_write_pgm.c -o obj/read_write_pgm.o
mpicc -fopenmp -O3 -march=native -g -c src/static.c -o obj/static.o
mpicc -fopenmp -O3 -march=native -g main.o obj/init.o obj/ordered.o obj/read_write_pgm.o obj/static.o -o main.x -lm
1
-----------
2
-----------
3
-----------
4
-----------
5
-----------
6
-----------
7
-----------
8
-----------
9
-----------
10
-----------
11
-----------
12
-----------
13
-----------
14
-----------
15
-----------
16
-----------
17
-----------
18
-----------
19
-----------
20
-----------
21
-----------
22
-----------
23
-----------
24
-----------

-------------------------------------------------------------
-------------------------------------------------------------
