LOADING MODULES...

SETTING THREADS AFFINITY POLICY...

COMPILING EXECUTABLES...


-------------------------------------------------------------
-------------------------------------------------------------

PERFORMING MEASURES...

1
-----------
2
-----------
3
-----------
4
-----------
5
-----------
6
-----------
7
-----------
8
-----------
9
-----------
10
-----------
11
-----------
12
-----------
13
-----------
14
slurmstepd: error: *** JOB 40097 ON thin006 CANCELLED AT 2023-09-19T17:39:07 ***
